==32756== Memcheck, a memory error detector
==32756== Copyright (C) 2002-2012, and GNU GPL'd, by Julian Seward et al.
==32756== Using Valgrind-3.8.1 and LibVEX; rerun with -h for copyright info
==32756== Command: ./pa02
==32756== Parent PID: 11368
==32756== 
--32756-- 
--32756-- Valgrind options:
--32756--    --tool=memcheck
--32756--    --leak-check=full
--32756--    --verbose
--32756--    --log-file=memcheck.log
--32756-- Contents of /proc/version:
--32756--   Linux version 2.6.32-431.23.3.el6.x86_64 (mockbuild@x86-027.build.eng.bos.redhat.com) (gcc version 4.4.7 20120313 (Red Hat 4.4.7-4) (GCC) ) #1 SMP Wed Jul 16 06:12:23 EDT 2014
--32756-- Arch and hwcaps: AMD64, amd64-sse3-cx16
--32756-- Page sizes: currently 4096, max supported 4096
--32756-- Valgrind library directory: /usr/lib64/valgrind
--32756-- Reading syms from /home/shay/a/niemann/ECE264/Solutions/ECE-264-Assignments/PA02/pa02
--32756-- Reading syms from /usr/lib64/valgrind/memcheck-amd64-linux
--32756--    object doesn't have a dynamic symbol table
--32756-- Reading syms from /lib64/ld-2.12.so
--32756--   Considering /usr/lib/debug/.build-id/57/bf668f99b7f5917b8d55fbb645173c9a644575.debug ..
--32756--   .. build-id is valid
--32756-- Scheduler: using generic scheduler lock implementation.
--32756-- Reading suppressions file: /usr/lib64/valgrind/default.supp
==32756== embedded gdbserver: reading from /tmp/vgdb-pipe-from-vgdb-to-32756-by-niemann-on-ecegrid-thin1.ecn.purdue.edu
==32756== embedded gdbserver: writing to   /tmp/vgdb-pipe-to-vgdb-from-32756-by-niemann-on-ecegrid-thin1.ecn.purdue.edu
==32756== embedded gdbserver: shared mem   /tmp/vgdb-pipe-shared-mem-vgdb-32756-by-niemann-on-ecegrid-thin1.ecn.purdue.edu
==32756== 
==32756== TO CONTROL THIS PROCESS USING vgdb (which you probably
==32756== don't want to do, unless you know exactly what you're doing,
==32756== or are doing some strange experiment):
==32756==   /usr/lib64/valgrind/../../bin/vgdb --pid=32756 ...command...
==32756== 
==32756== TO DEBUG THIS PROCESS USING GDB: start GDB like this
==32756==   /path/to/gdb ./pa02
==32756== and then give GDB the following command
==32756==   target remote | /usr/lib64/valgrind/../../bin/vgdb --pid=32756
==32756== --pid is optional if only one valgrind process is running
==32756== 
--32756-- REDIR: 0x3f79a17530 (strlen) redirected to 0x38049551 (vgPlain_amd64_linux_REDIR_FOR_strlen)
--32756-- Reading syms from /usr/lib64/valgrind/vgpreload_core-amd64-linux.so
--32756-- Reading syms from /usr/lib64/valgrind/vgpreload_memcheck-amd64-linux.so
--32756-- REDIR: 0x3f79a173a0 (index) redirected to 0x4a07bf0 (index)
--32756-- REDIR: 0x3f79a17420 (strcmp) redirected to 0x4a08530 (strcmp)
--32756-- Reading syms from /lib64/libc-2.12.so
--32756--   Considering /usr/lib/debug/.build-id/07/b5ce35eba864a01b697f5ca117e94b9248064f.debug ..
--32756--   .. build-id is valid
--32756-- REDIR: 0x3f79e84cd0 (strcasecmp) redirected to 0x480155c (_vgnU_ifunc_wrapper)
--32756-- REDIR: 0x3f79e86f90 (strncasecmp) redirected to 0x480155c (_vgnU_ifunc_wrapper)
--32756-- REDIR: 0x3f79e82c40 (__GI_strrchr) redirected to 0x4a07a70 (__GI_strrchr)
--32756-- REDIR: 0x3f79e81160 (__GI_strlen) redirected to 0x4a07f70 (__GI_strlen)
--32756-- REDIR: 0x3f79e8aaf0 (strchrnul) redirected to 0x4a09f10 (strchrnul)
--32756-- REDIR: 0x3f79e7b520 (free) redirected to 0x4a06369 (free)
==32756== 
==32756== HEAP SUMMARY:
==32756==     in use at exit: 0 bytes in 0 blocks
==32756==   total heap usage: 0 allocs, 0 frees, 0 bytes allocated
==32756== 
==32756== All heap blocks were freed -- no leaks are possible
==32756== 
==32756== ERROR SUMMARY: 0 errors from 0 contexts (suppressed: 6 from 6)
--32756-- 
--32756-- used_suppression:      4 U1004-ARM-_dl_relocate_object
--32756-- used_suppression:      2 glibc-2.5.x-on-SUSE-10.2-(PPC)-2a
==32756== 
==32756== ERROR SUMMARY: 0 errors from 0 contexts (suppressed: 6 from 6)
